<?xml version="1.0" encoding="UTF-8"?>
<!-- Generated by org.testng.reporters.JUnitXMLReporter -->
<testsuite hostname="DESKTOP-KQRAAFP" failures="0" tests="1" name="Test" time="0.071" errors="0" timestamp="5 Aug 2022 11:36:55 GMT">
  <testcase classname="utills.CrossBroweser" name="@AfterTest clouser" time="0.0">
    <failure type="java.lang.NullPointerException">
      <![CDATA[java.lang.NullPointerException
	at utills.CrossBroweser.clouser(CrossBroweser.java:58)
... Removed 22 stack frames]]>
    </failure>
  </testcase> <!-- @AfterTest clouser -->
  <testcase classname="utills.CrossBroweser" name="launchBroweser" time="0.0">
    <skipped/>
  </testcase> <!-- launchBroweser -->
</testsuite> <!-- Test -->
