<?xml version="1.0" encoding="UTF-8"?>
<testng-results ignored="0" total="1" passed="1" failed="0" skipped="0">
  <reporter-output>
    <line>
      <![CDATA[No pf Rows::   9true]]>
    </line>
    <line>
      <![CDATA[No pf Coloumns::   4true]]>
    </line>
  </reporter-output>
  <suite started-at="2022-08-08T22:08:14 IST" name="Default suite" finished-at="2022-08-08T22:08:15 IST" duration-ms="887">
    <groups>
    </groups>
    <test started-at="2022-08-08T22:08:14 IST" name="Default test" finished-at="2022-08-08T22:08:15 IST" duration-ms="887">
      <class name="utills.ExcelOpearations">
        <test-method signature="excel()[pri:0, instance:utills.ExcelOpearations@46cdf8bd]" started-at="2022-08-08T22:08:14 IST" name="excel" finished-at="2022-08-08T22:08:15 IST" duration-ms="834" status="PASS">
          <reporter-output>
            <line>
              <![CDATA[No pf Rows::   9true]]>
            </line>
            <line>
              <![CDATA[No pf Coloumns::   4true]]>
            </line>
          </reporter-output>
        </test-method> <!-- excel -->
      </class> <!-- utills.ExcelOpearations -->
    </test> <!-- Default test -->
  </suite> <!-- Default suite -->
</testng-results>
